<?xml version="1.0" encoding="UTF-8" standalone="no"?>
<!DOCTYPE log SYSTEM "logger.dtd">
<log>
<record>
  <date>2015-11-26T22:20:11</date>
  <millis>1448572811640</millis>
  <sequence>1</sequence>
  <logger>Logic140</logger>
  <level>SEVERE</level>
  <class>logic140.Main</class>
  <method>error</method>
  <thread>11</thread>
  <message>java.lang.UnsatisfiedLinkError: no Logic140_winusb in java.library.path</message>
  <exception>
    <message>java.lang.RuntimeException: java.lang.UnsatisfiedLinkError: no Logic140_winusb in java.library.path</message>
    <frame>
      <class>libUsb.UsbDeviceFactory</class>
      <method>createInstance</method>
      <line>91</line>
    </frame>
    <frame>
      <class>logic140.DDS140</class>
      <method>&lt;init&gt;</method>
      <line>156</line>
    </frame>
    <frame>
      <class>logic140.Main</class>
      <method>lambda$start$27</method>
      <line>109</line>
    </frame>
    <frame>
      <class>java.lang.Thread</class>
      <method>run</method>
      <line>745</line>
    </frame>
  </exception>
</record>
</log>
